{
  message: 'Listening on: http://localhost:8000',
  level: 'info',
  timestamp: '23-01-13 08:50'
}
{
  message: 'connect ECONNREFUSED 127.0.0.1:27017 connect ECONNREFUSED 127.0.0.1:27017',
  reason: TopologyDescription {
    type: 'Unknown',
    servers: Map(1) {
      '127.0.0.1:27017' => ServerDescription {
        address: '127.0.0.1:27017',
        type: 'Unknown',
        hosts: [],
        passives: [],
        arbiters: [],
        tags: {},
        minWireVersion: 0,
        maxWireVersion: 0,
        roundTripTime: -1,
        lastUpdateTime: 2798575,
        lastWriteDate: 0,
        error: MongoNetworkError: connect ECONNREFUSED 127.0.0.1:27017
            at connectionFailureError (/home/merza/Desktop/Merza/vidly-api/node_modules/mongodb/lib/cmap/connect.js:387:20)
            at Socket.<anonymous> (/home/merza/Desktop/Merza/vidly-api/node_modules/mongodb/lib/cmap/connect.js:310:22)
            at Object.onceWrapper (node:events:628:26)
            at Socket.emit (node:events:513:28)
            at emitErrorNT (node:internal/streams/destroy:151:8)
            at emitErrorCloseNT (node:internal/streams/destroy:116:3)
            at process.processTicksAndRejections (node:internal/process/task_queues:82:21) {
          cause: Error: connect ECONNREFUSED 127.0.0.1:27017
              at TCPConnectWrap.afterConnect [as oncomplete] (node:net:1300:16) {
            errno: -111,
            code: 'ECONNREFUSED',
            syscall: 'connect',
            address: '127.0.0.1',
            port: 27017
          },
          [Symbol(errorLabels)]: Set(1) { 'ResetPool' }
        },
        topologyVersion: null,
        setName: null,
        setVersion: null,
        electionId: null,
        logicalSessionTimeoutMinutes: null,
        primary: null,
        me: null,
        '$clusterTime': null
      }
    },
    stale: false,
    compatible: true,
    heartbeatFrequencyMS: 10000,
    localThresholdMS: 15,
    setName: null,
    maxElectionId: null,
    maxSetVersion: null,
    commonWireVersion: 0,
    logicalSessionTimeoutMinutes: null
  },
  code: undefined,
  level: 'error',
  stack: 'MongooseServerSelectionError: connect ECONNREFUSED 127.0.0.1:27017\n' +
    '    at Connection.openUri (/home/merza/Desktop/Merza/vidly-api/node_modules/mongoose/lib/connection.js:825:32)\n' +
    '    at /home/merza/Desktop/Merza/vidly-api/node_modules/mongoose/lib/index.js:409:10\n' +
    '    at /home/merza/Desktop/Merza/vidly-api/node_modules/mongoose/lib/helpers/promiseOrCallback.js:41:5\n' +
    '    at new Promise (<anonymous>)\n' +
    '    at promiseOrCallback (/home/merza/Desktop/Merza/vidly-api/node_modules/mongoose/lib/helpers/promiseOrCallback.js:40:10)\n' +
    '    at Mongoose._promiseOrCallback (/home/merza/Desktop/Merza/vidly-api/node_modules/mongoose/lib/index.js:1262:10)\n' +
    '    at Mongoose.connect (/home/merza/Desktop/Merza/vidly-api/node_modules/mongoose/lib/index.js:408:20)\n' +
    '    at module.exports (/home/merza/Desktop/Merza/vidly-api/start/db.js:9:14)\n' +
    '    at Object.<anonymous> (/home/merza/Desktop/Merza/vidly-api/index.js:8:22)\n' +
    '    at Module._compile (node:internal/modules/cjs/loader:1159:14)',
  timestamp: '23-01-13 08:50'
}
{
  message: 'Listening on: http://localhost:8000',
  level: 'info',
  timestamp: '23-01-13 08:53'
}
{
  message: 'connect ECONNREFUSED 127.0.0.1:27017 connect ECONNREFUSED 127.0.0.1:27017',
  reason: TopologyDescription {
    type: 'Unknown',
    servers: Map(1) {
      '127.0.0.1:27017' => ServerDescription {
        address: '127.0.0.1:27017',
        type: 'Unknown',
        hosts: [],
        passives: [],
        arbiters: [],
        tags: {},
        minWireVersion: 0,
        maxWireVersion: 0,
        roundTripTime: -1,
        lastUpdateTime: 3007811,
        lastWriteDate: 0,
        error: MongoNetworkError: connect ECONNREFUSED 127.0.0.1:27017
            at connectionFailureError (/home/merza/Desktop/Merza/vidly-api/node_modules/mongodb/lib/cmap/connect.js:387:20)
            at Socket.<anonymous> (/home/merza/Desktop/Merza/vidly-api/node_modules/mongodb/lib/cmap/connect.js:310:22)
            at Object.onceWrapper (node:events:628:26)
            at Socket.emit (node:events:513:28)
            at emitErrorNT (node:internal/streams/destroy:151:8)
            at emitErrorCloseNT (node:internal/streams/destroy:116:3)
            at process.processTicksAndRejections (node:internal/process/task_queues:82:21) {
          cause: Error: connect ECONNREFUSED 127.0.0.1:27017
              at TCPConnectWrap.afterConnect [as oncomplete] (node:net:1300:16) {
            errno: -111,
            code: 'ECONNREFUSED',
            syscall: 'connect',
            address: '127.0.0.1',
            port: 27017
          },
          [Symbol(errorLabels)]: Set(1) { 'ResetPool' }
        },
        topologyVersion: null,
        setName: null,
        setVersion: null,
        electionId: null,
        logicalSessionTimeoutMinutes: null,
        primary: null,
        me: null,
        '$clusterTime': null
      }
    },
    stale: false,
    compatible: true,
    heartbeatFrequencyMS: 10000,
    localThresholdMS: 15,
    setName: null,
    maxElectionId: null,
    maxSetVersion: null,
    commonWireVersion: 0,
    logicalSessionTimeoutMinutes: null
  },
  code: undefined,
  level: 'error',
  stack: 'MongooseServerSelectionError: connect ECONNREFUSED 127.0.0.1:27017\n' +
    '    at Connection.openUri (/home/merza/Desktop/Merza/vidly-api/node_modules/mongoose/lib/connection.js:825:32)\n' +
    '    at /home/merza/Desktop/Merza/vidly-api/node_modules/mongoose/lib/index.js:409:10\n' +
    '    at /home/merza/Desktop/Merza/vidly-api/node_modules/mongoose/lib/helpers/promiseOrCallback.js:41:5\n' +
    '    at new Promise (<anonymous>)\n' +
    '    at promiseOrCallback (/home/merza/Desktop/Merza/vidly-api/node_modules/mongoose/lib/helpers/promiseOrCallback.js:40:10)\n' +
    '    at Mongoose._promiseOrCallback (/home/merza/Desktop/Merza/vidly-api/node_modules/mongoose/lib/index.js:1262:10)\n' +
    '    at Mongoose.connect (/home/merza/Desktop/Merza/vidly-api/node_modules/mongoose/lib/index.js:408:20)\n' +
    '    at module.exports (/home/merza/Desktop/Merza/vidly-api/start/db.js:9:14)\n' +
    '    at Object.<anonymous> (/home/merza/Desktop/Merza/vidly-api/index.js:8:22)\n' +
    '    at Module._compile (node:internal/modules/cjs/loader:1159:14)',
  timestamp: '23-01-13 08:54'
}
{
  message: 'Listening on: http://localhost:8000',
  level: 'info',
  timestamp: '23-01-13 08:57'
}
{
  message: 'connect ECONNREFUSED 127.0.0.1:27017 connect ECONNREFUSED 127.0.0.1:27017',
  reason: TopologyDescription {
    type: 'Unknown',
    servers: Map(1) {
      '127.0.0.1:27017' => ServerDescription {
        address: '127.0.0.1:27017',
        type: 'Unknown',
        hosts: [],
        passives: [],
        arbiters: [],
        tags: {},
        minWireVersion: 0,
        maxWireVersion: 0,
        roundTripTime: -1,
        lastUpdateTime: 3254927,
        lastWriteDate: 0,
        error: MongoNetworkError: connect ECONNREFUSED 127.0.0.1:27017
            at connectionFailureError (/home/merza/Desktop/Merza/vidly-api/node_modules/mongodb/lib/cmap/connect.js:387:20)
            at Socket.<anonymous> (/home/merza/Desktop/Merza/vidly-api/node_modules/mongodb/lib/cmap/connect.js:310:22)
            at Object.onceWrapper (node:events:628:26)
            at Socket.emit (node:events:513:28)
            at emitErrorNT (node:internal/streams/destroy:151:8)
            at emitErrorCloseNT (node:internal/streams/destroy:116:3)
            at process.processTicksAndRejections (node:internal/process/task_queues:82:21) {
          cause: Error: connect ECONNREFUSED 127.0.0.1:27017
              at TCPConnectWrap.afterConnect [as oncomplete] (node:net:1300:16) {
            errno: -111,
            code: 'ECONNREFUSED',
            syscall: 'connect',
            address: '127.0.0.1',
            port: 27017
          },
          [Symbol(errorLabels)]: Set(1) { 'ResetPool' }
        },
        topologyVersion: null,
        setName: null,
        setVersion: null,
        electionId: null,
        logicalSessionTimeoutMinutes: null,
        primary: null,
        me: null,
        '$clusterTime': null
      }
    },
    stale: false,
    compatible: true,
    heartbeatFrequencyMS: 10000,
    localThresholdMS: 15,
    setName: null,
    maxElectionId: null,
    maxSetVersion: null,
    commonWireVersion: 0,
    logicalSessionTimeoutMinutes: null
  },
  code: undefined,
  level: 'error',
  stack: 'MongooseServerSelectionError: connect ECONNREFUSED 127.0.0.1:27017\n' +
    '    at Connection.openUri (/home/merza/Desktop/Merza/vidly-api/node_modules/mongoose/lib/connection.js:825:32)\n' +
    '    at /home/merza/Desktop/Merza/vidly-api/node_modules/mongoose/lib/index.js:409:10\n' +
    '    at /home/merza/Desktop/Merza/vidly-api/node_modules/mongoose/lib/helpers/promiseOrCallback.js:41:5\n' +
    '    at new Promise (<anonymous>)\n' +
    '    at promiseOrCallback (/home/merza/Desktop/Merza/vidly-api/node_modules/mongoose/lib/helpers/promiseOrCallback.js:40:10)\n' +
    '    at Mongoose._promiseOrCallback (/home/merza/Desktop/Merza/vidly-api/node_modules/mongoose/lib/index.js:1262:10)\n' +
    '    at Mongoose.connect (/home/merza/Desktop/Merza/vidly-api/node_modules/mongoose/lib/index.js:408:20)\n' +
    '    at module.exports (/home/merza/Desktop/Merza/vidly-api/start/db.js:9:14)\n' +
    '    at Object.<anonymous> (/home/merza/Desktop/Merza/vidly-api/index.js:8:22)\n' +
    '    at Module._compile (node:internal/modules/cjs/loader:1159:14)',
  timestamp: '23-01-13 08:58'
}
{
  message: 'Listening on: http://localhost:8000',
  level: 'info',
  timestamp: '23-01-13 08:59'
}
{
  message: 'connect ECONNREFUSED 127.0.0.1:27017 connect ECONNREFUSED 127.0.0.1:27017',
  reason: TopologyDescription {
    type: 'Unknown',
    servers: Map(1) {
      '127.0.0.1:27017' => ServerDescription {
        address: '127.0.0.1:27017',
        type: 'Unknown',
        hosts: [],
        passives: [],
        arbiters: [],
        tags: {},
        minWireVersion: 0,
        maxWireVersion: 0,
        roundTripTime: -1,
        lastUpdateTime: 3350291,
        lastWriteDate: 0,
        error: MongoNetworkError: connect ECONNREFUSED 127.0.0.1:27017
            at connectionFailureError (/home/merza/Desktop/Merza/vidly-api/node_modules/mongodb/lib/cmap/connect.js:387:20)
            at Socket.<anonymous> (/home/merza/Desktop/Merza/vidly-api/node_modules/mongodb/lib/cmap/connect.js:310:22)
            at Object.onceWrapper (node:events:628:26)
            at Socket.emit (node:events:513:28)
            at emitErrorNT (node:internal/streams/destroy:151:8)
            at emitErrorCloseNT (node:internal/streams/destroy:116:3)
            at process.processTicksAndRejections (node:internal/process/task_queues:82:21) {
          cause: Error: connect ECONNREFUSED 127.0.0.1:27017
              at TCPConnectWrap.afterConnect [as oncomplete] (node:net:1300:16) {
            errno: -111,
            code: 'ECONNREFUSED',
            syscall: 'connect',
            address: '127.0.0.1',
            port: 27017
          },
          [Symbol(errorLabels)]: Set(1) { 'ResetPool' }
        },
        topologyVersion: null,
        setName: null,
        setVersion: null,
        electionId: null,
        logicalSessionTimeoutMinutes: null,
        primary: null,
        me: null,
        '$clusterTime': null
      }
    },
    stale: false,
    compatible: true,
    heartbeatFrequencyMS: 10000,
    localThresholdMS: 15,
    setName: null,
    maxElectionId: null,
    maxSetVersion: null,
    commonWireVersion: 0,
    logicalSessionTimeoutMinutes: null
  },
  code: undefined,
  level: 'error',
  stack: 'MongooseServerSelectionError: connect ECONNREFUSED 127.0.0.1:27017\n' +
    '    at Connection.openUri (/home/merza/Desktop/Merza/vidly-api/node_modules/mongoose/lib/connection.js:825:32)\n' +
    '    at /home/merza/Desktop/Merza/vidly-api/node_modules/mongoose/lib/index.js:409:10\n' +
    '    at /home/merza/Desktop/Merza/vidly-api/node_modules/mongoose/lib/helpers/promiseOrCallback.js:41:5\n' +
    '    at new Promise (<anonymous>)\n' +
    '    at promiseOrCallback (/home/merza/Desktop/Merza/vidly-api/node_modules/mongoose/lib/helpers/promiseOrCallback.js:40:10)\n' +
    '    at Mongoose._promiseOrCallback (/home/merza/Desktop/Merza/vidly-api/node_modules/mongoose/lib/index.js:1262:10)\n' +
    '    at Mongoose.connect (/home/merza/Desktop/Merza/vidly-api/node_modules/mongoose/lib/index.js:408:20)\n' +
    '    at module.exports (/home/merza/Desktop/Merza/vidly-api/start/db.js:9:14)\n' +
    '    at Object.<anonymous> (/home/merza/Desktop/Merza/vidly-api/index.js:8:22)\n' +
    '    at Module._compile (node:internal/modules/cjs/loader:1159:14)',
  timestamp: '23-01-13 08:59'
}
{
  message: 'Listening on: http://localhost:8000',
  level: 'info',
  timestamp: '23-01-13 09:03'
}
{
  message: 'Connected to vidly db',
  level: 'info',
  timestamp: '23-01-13 09:03'
}
{
  message: 'Listening on: http://localhost:8000',
  level: 'info',
  timestamp: '23-01-13 09:11'
}
{
  message: 'Connected to vidly db',
  level: 'info',
  timestamp: '23-01-13 09:11'
}
{
  message: 'Listening on: http://localhost:8000',
  level: 'info',
  timestamp: '23-01-13 09:55'
}
{
  message: 'Connected to vidly db',
  level: 'info',
  timestamp: '23-01-13 09:55'
}
{
  message: 'Listening on: http://localhost:8000',
  level: 'info',
  timestamp: '23-01-13 09:57'
}
{
  message: 'Connected to vidly db',
  level: 'info',
  timestamp: '23-01-13 09:57'
}
{
  message: 'Listening on: http://localhost:8000',
  level: 'info',
  timestamp: '23-01-13 12:57'
}
{
  message: 'Connected to vidly db',
  level: 'info',
  timestamp: '23-01-13 12:57'
}
{
  message: 'Listening on: http://localhost:8000',
  level: 'info',
  timestamp: '23-01-13 14:24'
}
{
  message: 'Connected to vidly db',
  level: 'info',
  timestamp: '23-01-13 14:25'
}
{
  message: 'Listening on: http://localhost:8000',
  level: 'info',
  timestamp: '23-01-13 14:31'
}
{
  message: 'Connected to vidly db',
  level: 'info',
  timestamp: '23-01-13 14:31'
}
